<?xml version="1.0" encoding="UTF-8"?>
<testng-results skipped="0" failed="0" total="3" passed="3">
  <reporter-output>
  </reporter-output>
  <suite name="Suite" duration-ms="41532" started-at="2019-04-20T11:02:45Z" finished-at="2019-04-20T11:03:27Z">
    <groups>
    </groups>
    <test name="IETest" duration-ms="7833" started-at="2019-04-20T11:02:45Z" finished-at="2019-04-20T11:02:53Z">
      <class name="WebPage.HomePageTest">
        <test-method status="PASS" signature="beforeTest(java.lang.String)[pri:0, instance:WebPage.HomePageTest@62043840]" name="beforeTest" is-config="true" duration-ms="4570" started-at="2019-04-20T07:02:45Z" finished-at="2019-04-20T07:02:50Z">
          <params>
            <param index="0">
              <value>
                <![CDATA[ie]]>
              </value>
            </param>
          </params>
          <reporter-output>
          </reporter-output>
        </test-method> <!-- beforeTest -->
        <test-method status="PASS" signature="EditThisPageLink(java.lang.String)[pri:0, instance:WebPage.HomePageTest@62043840]" name="EditThisPageLink" duration-ms="3231" started-at="2019-04-20T07:02:50Z" finished-at="2019-04-20T07:02:53Z">
          <params>
            <param index="0">
              <value>
                <![CDATA[ie]]>
              </value>
            </param>
          </params>
          <reporter-output>
          </reporter-output>
        </test-method> <!-- EditThisPageLink -->
        <test-method status="PASS" signature="afterTest()[pri:0, instance:WebPage.HomePageTest@62043840]" name="afterTest" is-config="true" duration-ms="21" started-at="2019-04-20T07:02:53Z" finished-at="2019-04-20T07:02:53Z">
          <reporter-output>
          </reporter-output>
        </test-method> <!-- afterTest -->
      </class> <!-- WebPage.HomePageTest -->
    </test> <!-- IETest -->
    <test name="ChromeTest" duration-ms="24903" started-at="2019-04-20T11:02:45Z" finished-at="2019-04-20T11:03:10Z">
      <class name="WebPage.HomePageTest">
        <test-method status="PASS" signature="beforeTest(java.lang.String)[pri:0, instance:WebPage.HomePageTest@3f2a3a5]" name="beforeTest" is-config="true" duration-ms="14501" started-at="2019-04-20T07:02:45Z" finished-at="2019-04-20T07:03:00Z">
          <params>
            <param index="0">
              <value>
                <![CDATA[chrome]]>
              </value>
            </param>
          </params>
          <reporter-output>
          </reporter-output>
        </test-method> <!-- beforeTest -->
        <test-method status="PASS" signature="EditThisPageLink(java.lang.String)[pri:0, instance:WebPage.HomePageTest@3f2a3a5]" name="EditThisPageLink" duration-ms="5232" started-at="2019-04-20T07:03:00Z" finished-at="2019-04-20T07:03:05Z">
          <params>
            <param index="0">
              <value>
                <![CDATA[chrome]]>
              </value>
            </param>
          </params>
          <reporter-output>
          </reporter-output>
        </test-method> <!-- EditThisPageLink -->
        <test-method status="PASS" signature="afterTest()[pri:0, instance:WebPage.HomePageTest@3f2a3a5]" name="afterTest" is-config="true" duration-ms="5167" started-at="2019-04-20T07:03:05Z" finished-at="2019-04-20T07:03:10Z">
          <reporter-output>
          </reporter-output>
        </test-method> <!-- afterTest -->
      </class> <!-- WebPage.HomePageTest -->
    </test> <!-- ChromeTest -->
    <test name="firefoxTest" duration-ms="41531" started-at="2019-04-20T11:02:45Z" finished-at="2019-04-20T11:03:27Z">
      <class name="WebPage.HomePageTest">
        <test-method status="PASS" signature="beforeTest(java.lang.String)[pri:0, instance:WebPage.HomePageTest@6442b0a6]" name="beforeTest" is-config="true" duration-ms="34684" started-at="2019-04-20T07:02:45Z" finished-at="2019-04-20T07:03:20Z">
          <params>
            <param index="0">
              <value>
                <![CDATA[firefox]]>
              </value>
            </param>
          </params>
          <reporter-output>
          </reporter-output>
        </test-method> <!-- beforeTest -->
        <test-method status="PASS" signature="EditThisPageLink(java.lang.String)[pri:0, instance:WebPage.HomePageTest@6442b0a6]" name="EditThisPageLink" duration-ms="5582" started-at="2019-04-20T07:03:20Z" finished-at="2019-04-20T07:03:25Z">
          <params>
            <param index="0">
              <value>
                <![CDATA[firefox]]>
              </value>
            </param>
          </params>
          <reporter-output>
          </reporter-output>
        </test-method> <!-- EditThisPageLink -->
        <test-method status="PASS" signature="afterTest()[pri:0, instance:WebPage.HomePageTest@6442b0a6]" name="afterTest" is-config="true" duration-ms="1264" started-at="2019-04-20T07:03:25Z" finished-at="2019-04-20T07:03:27Z">
          <reporter-output>
          </reporter-output>
        </test-method> <!-- afterTest -->
      </class> <!-- WebPage.HomePageTest -->
    </test> <!-- firefoxTest -->
  </suite> <!-- Suite -->
</testng-results>
