<?xml version="1.0" encoding="UTF-8"?>
<!-- Generated by org.testng.reporters.JUnitXMLReporter -->
<testsuite hostname="Navin790" name="ChromeTest" tests="1" failures="1" timestamp="12 Apr 2019 08:58:41 GMT" time="7.737" errors="0">
  <testcase name="VerifyMenu_HomePage" time="0.0" classname="WebPage.HomePageTest">
    <failure type="java.lang.IllegalArgumentException" message="Cannot find elements when the XPath is null.">
      <![CDATA[java.lang.IllegalArgumentException: Cannot find elements when the XPath is null.
	at org.openqa.selenium.By$ByXPath.<init>(By.java:339)
	at org.openqa.selenium.By.xpath(By.java:92)
	at WebPage.HomePageTest.VerifyMenu_HomePage(HomePageTest.java:153)
	at java.util.concurrent.FutureTask.run(Unknown Source)
	at java.util.concurrent.ThreadPoolExecutor.runWorker(Unknown Source)
	at java.util.concurrent.ThreadPoolExecutor$Worker.run(Unknown Source)
	at java.lang.Thread.run(Unknown Source)
... Removed 16 stack frames]]>
    </failure>
  </testcase> <!-- VerifyMenu_HomePage -->
</testsuite> <!-- ChromeTest -->
